
*** Running vivado
    with args -log Top_Level.vds -m64 -product Vivado -mode batch -messageDb vivado.pb -notrace -source Top_Level.tcl


****** Vivado v2019.1 (64-bit)
  **** SW Build 2552052 on Fri May 24 14:49:42 MDT 2019
  **** IP Build 2548770 on Fri May 24 18:01:18 MDT 2019
    ** Copyright 1986-2019 Xilinx, Inc. All Rights Reserved.

source Top_Level.tcl -notrace
Command: synth_design -top Top_Level -part xc7z007sclg400-1
Starting synth_design
Attempting to get a license for feature 'Synthesis' and/or device 'xc7z007s'
INFO: [Common 17-349] Got license for feature 'Synthesis' and/or device 'xc7z007s'
INFO: [Device 21-403] Loading part xc7z007sclg400-1
INFO: Launching helper process for spawning children vivado processes
INFO: Helper process launched with PID 10804 
---------------------------------------------------------------------------------
Starting RTL Elaboration : Time (s): cpu = 00:00:02 ; elapsed = 00:00:03 . Memory (MB): peak = 719.656 ; gain = 176.918
---------------------------------------------------------------------------------
ERROR: [Synth 8-2715] syntax error near tx_out [D:/Jr Lab/Project 4/3-5/project4U/project4U.srcs/sources_1/new/Top_Level.vhd:153]
ERROR: [Synth 8-1031] rx_clken is not declared [D:/Jr Lab/Project 4/3-5/project4U/project4U.srcs/sources_1/new/Top_Level.vhd:155]
ERROR: [Synth 8-1031] uart_rx_data is not declared [D:/Jr Lab/Project 4/3-5/project4U/project4U.srcs/sources_1/new/Top_Level.vhd:157]
ERROR: [Synth 8-1568] actual of formal out port rx_data cannot be an expression [D:/Jr Lab/Project 4/3-5/project4U/project4U.srcs/sources_1/new/Top_Level.vhd:157]
ERROR: [Synth 8-1031] usb_tx is not declared [D:/Jr Lab/Project 4/3-5/project4U/project4U.srcs/sources_1/new/Top_Level.vhd:159]
ERROR: [Synth 8-1031] rx_empty is not declared [D:/Jr Lab/Project 4/3-5/project4U/project4U.srcs/sources_1/new/Top_Level.vhd:160]
ERROR: [Synth 8-1568] actual of formal out port rx_empty cannot be an expression [D:/Jr Lab/Project 4/3-5/project4U/project4U.srcs/sources_1/new/Top_Level.vhd:160]
ERROR: [Synth 8-2029] formal reset has no actual or default value [D:/Jr Lab/Project 4/3-5/project4U/project4U.srcs/sources_1/new/Top_Level.vhd:146]
INFO: [Synth 8-994] reset is declared here [D:/Jr Lab/Project 4/3-5/project4U/project4U.srcs/sources_1/new/Top_Level.vhd:83]
INFO: [Synth 8-994] txclk is declared here [D:/Jr Lab/Project 4/3-5/project4U/project4U.srcs/sources_1/new/Top_Level.vhd:84]
INFO: [Synth 8-994] ld_tx_data is declared here [D:/Jr Lab/Project 4/3-5/project4U/project4U.srcs/sources_1/new/Top_Level.vhd:85]
INFO: [Synth 8-994] tx_data is declared here [D:/Jr Lab/Project 4/3-5/project4U/project4U.srcs/sources_1/new/Top_Level.vhd:86]
INFO: [Synth 8-994] tx_enable is declared here [D:/Jr Lab/Project 4/3-5/project4U/project4U.srcs/sources_1/new/Top_Level.vhd:87]
INFO: [Synth 8-2810] unit behavioral ignored due to previous errors [D:/Jr Lab/Project 4/3-5/project4U/project4U.srcs/sources_1/new/Top_Level.vhd:43]
---------------------------------------------------------------------------------
Finished RTL Elaboration : Time (s): cpu = 00:00:02 ; elapsed = 00:00:03 . Memory (MB): peak = 781.441 ; gain = 238.703
---------------------------------------------------------------------------------
RTL Elaboration failed
INFO: [Common 17-83] Releasing license: Synthesis
9 Infos, 0 Warnings, 0 Critical Warnings and 9 Errors encountered.
synth_design failed
ERROR: [Common 17-69] Command failed: Synthesis failed - please see the console or run log file for details
INFO: [Common 17-206] Exiting Vivado at Thu Mar  5 13:15:42 2026...
