#-----------------------------------------------------------
# Vivado v2019.1 (64-bit)
# SW Build 2552052 on Fri May 24 14:49:42 MDT 2019
# IP Build 2548770 on Fri May 24 18:01:18 MDT 2019
# Start of session at: Thu Mar  5 13:33:27 2026
# Process ID: 4228
# Current directory: D:/Jr Lab/Project 4/3-5/project4U
# Command line: vivado.exe -gui_launcher_event rodinguilauncherevent7208 D:\Jr Lab\Project 4\3-5\project4U\project4U.xpr
# Log file: D:/Jr Lab/Project 4/3-5/project4U/vivado.log
# Journal file: D:/Jr Lab/Project 4/3-5/project4U\vivado.jou
#-----------------------------------------------------------
start_gui
open_project {D:/Jr Lab/Project 4/3-5/project4U/project4U.xpr}
Scanning sources...
Finished scanning sources
WARNING: [filemgmt 56-3] Board Part Repository Path: Could not find the directory 'D:/Jr Lab/Project 4/AppData/Roaming/Xilinx/Vivado/2024.1/xhub/board_store/xilinx_board_store'.
INFO: [IP_Flow 19-234] Refreshing IP repositories
INFO: [IP_Flow 19-1704] No user IP repositories specified
INFO: [IP_Flow 19-2313] Loaded Vivado IP repository 'C:/Xilinx/Vivado/2019.1/data/ip'.
update_compile_order -fileset sources_1
add_files -norecurse {{D:/Jr Lab/Project 4/ps2 to ascii/ps2_keyboard_to_ascii.vhd}}
update_compile_order -fileset sources_1
update_compile_order -fileset sources_1
update_compile_order -fileset sources_1
export_ip_user_files -of_objects  [get_files {{D:/Jr Lab/Project 4/3-5/project4U/project4U.srcs/sources_1/new/scancode_LUT.vhd}}] -no_script -reset -force -quiet
remove_files  {{D:/Jr Lab/Project 4/3-5/project4U/project4U.srcs/sources_1/new/scancode_LUT.vhd}}
exit
INFO: [Common 17-206] Exiting Vivado at Thu Mar  5 14:01:14 2026...
