#-----------------------------------------------------------
# Vivado v2019.1 (64-bit)
# SW Build 2552052 on Fri May 24 14:49:42 MDT 2019
# IP Build 2548770 on Fri May 24 18:01:18 MDT 2019
# Start of session at: Thu Mar  5 14:07:41 2026
# Process ID: 3304
# Current directory: D:/Jr Lab/Project 4/3-5/project4U
# Command line: vivado.exe -gui_launcher_event rodinguilauncherevent7104 D:\Jr Lab\Project 4\3-5\project4U\project4U.xpr
# Log file: D:/Jr Lab/Project 4/3-5/project4U/vivado.log
# Journal file: D:/Jr Lab/Project 4/3-5/project4U\vivado.jou
#-----------------------------------------------------------
start_gui
open_project {D:/Jr Lab/Project 4/3-5/project4U/project4U.xpr}
CRITICAL WARNING: [Project 1-19] Could not find the file 'D:/Jr Lab/Project 4/debounce/debounce.vhd'.
Scanning sources...
Finished scanning sources
WARNING: [filemgmt 56-3] Board Part Repository Path: Could not find the directory 'D:/Jr Lab/Project 4/AppData/Roaming/Xilinx/Vivado/2024.1/xhub/board_store/xilinx_board_store'.
INFO: [IP_Flow 19-234] Refreshing IP repositories
INFO: [IP_Flow 19-1704] No user IP repositories specified
INFO: [IP_Flow 19-2313] Loaded Vivado IP repository 'C:/Xilinx/Vivado/2019.1/data/ip'.
update_compile_order -fileset sources_1
export_ip_user_files -of_objects  [get_files {{D:/Jr Lab/Project 4/debounce/debounce.vhd}}] -no_script -reset -force -quiet
remove_files  {{D:/Jr Lab/Project 4/debounce/debounce.vhd}}
add_files -norecurse {{D:/Jr Lab/Project 4/debounce/btn_debounce.vhd}}
update_compile_order -fileset sources_1
update_compile_order -fileset sources_1
